<?xml version="1.0" encoding="UTF-8"?>
<!-- Generated by org.testng.reporters.JUnitXMLReporter -->
<testsuite ignored="0" hostname="LAPTOP-HVBT8OT2" failures="2" tests="4" name="BankingApp Test" time="46.777" errors="0" timestamp="2022-02-17T00:23:32 IST">
  <testcase classname="com.iNetBanking.testcases.TC_LoginDDT_02" name="loginDDT" time="10.541"/>
  <testcase classname="com.iNetBanking.testcases.TC_LoginDDT_02" name="loginDDT" time="6.007">
    <failure type="java.lang.AssertionError" message="expected [true] but found [false]">
      <![CDATA[java.lang.AssertionError: expected [true] but found [false]
at com.iNetBanking.testcases.TC_LoginDDT_02.loginDDT(TC_LoginDDT_02.java:29)
at java.base/java.util.ArrayList.forEach(ArrayList.java:1541)
... Removed 31 stack frames]]>
    </failure>
  </testcase> <!-- loginDDT -->
  <testcase classname="com.iNetBanking.testcases.TC_LoginDDT_02" name="loginDDT" time="7.023">
    <failure type="java.lang.AssertionError" message="expected [true] but found [false]">
      <![CDATA[java.lang.AssertionError: expected [true] but found [false]
at com.iNetBanking.testcases.TC_LoginDDT_02.loginDDT(TC_LoginDDT_02.java:29)
at java.base/java.util.ArrayList.forEach(ArrayList.java:1541)
... Removed 31 stack frames]]>
    </failure>
  </testcase> <!-- loginDDT -->
  <testcase classname="com.iNetBanking.testcases.TC_LoginDDT_02" name="loginDDT" time="12.612"/>
</testsuite> <!-- BankingApp Test -->
