<?xml version="1.0" encoding="UTF-8"?>
<testsuite xmlns:xsi="http://www.w3.org/2001/XMLSchema-instance" xsi:noNamespaceSchemaLocation="https://maven.apache.org/surefire/maven-surefire-plugin/xsd/surefire-test-report-3.0.xsd" version="3.0" name="TestSuite" time="15.887" tests="1" errors="0" skipped="0" failures="0">
  <properties>
[...]
</properties>
  <testcase name="Logintest" classname="com.iNetBanking.testcases.TC_LoginTest_01" time="2.354">
    <system-out><![CDATA[ INFO [main] (TC_LoginTest_01.java:17)- URL is opened
 INFO [main] (TC_LoginTest_01.java:20)- Username entered
 INFO [main] (TC_LoginTest_01.java:22)- Password entered
 INFO [main] (TC_LoginTest_01.java:27)- Login Test passed
]]></system-out>
    <system-err><![CDATA[Starting ChromeDriver 97.0.4692.71 (adefa7837d02a07a604c1e6eff0b3a09422ab88d-refs/branch-heads/4692@{#1247}) on port 42720
Only local connections are allowed.
Please see https://chromedriver.chromium.org/security-considerations for suggestions on keeping ChromeDriver safe.
ChromeDriver was started successfully.
[1645206917.827][WARNING]: This version of ChromeDriver has not been tested with Chrome version 98.
Feb 18, 2022 11:25:17 PM org.openqa.selenium.remote.ProtocolHandshake createSession
INFO: Detected dialect: W3C
]]></system-err>
  </testcase>
</testsuite>