<?xml version="1.0" encoding="UTF-8"?>
<testng-results ignored="0" total="1" passed="1" failed="0" skipped="0">
  <reporter-output>
  </reporter-output>
  <suite started-at="2022-02-18T23:25:14 IST" name="iNetBankingV1" finished-at="2022-02-18T23:25:27 IST" duration-ms="13664">
    <groups>
    </groups>
    <test started-at="2022-02-18T23:25:14 IST" name="BankingApp Test" finished-at="2022-02-18T23:25:27 IST" duration-ms="13664">
      <class name="com.iNetBanking.testcases.TC_LoginTest_01">
        <test-method is-config="true" signature="setup(java.lang.String)[pri:0, instance:com.iNetBanking.testcases.TC_LoginTest_01@4e7912d8]" started-at="2022-02-18T23:25:15 IST" name="setup" finished-at="2022-02-18T23:25:24 IST" duration-ms="9615" status="PASS">
          <params>
            <param index="0">
              <value>
                <![CDATA[chrome]]>
              </value>
            </param>
          </params>
          <reporter-output>
          </reporter-output>
        </test-method> <!-- setup -->
        <test-method signature="Logintest()[pri:0, instance:com.iNetBanking.testcases.TC_LoginTest_01@4e7912d8]" started-at="2022-02-18T23:25:24 IST" name="Logintest" finished-at="2022-02-18T23:25:27 IST" duration-ms="2392" status="PASS">
          <reporter-output>
          </reporter-output>
        </test-method> <!-- Logintest -->
        <test-method is-config="true" signature="tearDown()[pri:0, instance:com.iNetBanking.testcases.TC_LoginTest_01@4e7912d8]" started-at="2022-02-18T23:25:27 IST" name="tearDown" finished-at="2022-02-18T23:25:27 IST" duration-ms="703" status="PASS">
          <reporter-output>
          </reporter-output>
        </test-method> <!-- tearDown -->
      </class> <!-- com.iNetBanking.testcases.TC_LoginTest_01 -->
    </test> <!-- BankingApp Test -->
  </suite> <!-- iNetBankingV1 -->
</testng-results>
